<?xml version="1.0" encoding="UTF-8"?>
<!-- Generated by org.testng.reporters.JUnitReportReporter -->
<testsuite hostname="DESKTOP-MVE14DD" failures="0" tests="2" name="Testcases.Login" time="20.793" errors="0" timestamp="2024-02-09T12:01:11 IST" skipped="0">
  <testcase classname="Testcases.Login" name="login" time="13.361"/>
  <testcase classname="Testcases.Login" name="PRINTFACILITY" time="7.432"/>
</testsuite> <!-- Testcases.Login -->
