<?xml version="1.0" encoding="UTF-8"?>
<!-- Generated by org.testng.reporters.JUnitReportReporter -->
<testsuite hostname="DESKTOP-MVE14DD" failures="0" tests="4" name="Testcases.Login" time="46.559" errors="0" timestamp="2024-02-10T12:39:16 IST" skipped="0">
  <testcase classname="Testcases.Login" name="login" time="12.252"/>
  <testcase classname="Testcases.Login" name="PRINTFACILITY" time="13.621"/>
  <testcase classname="Testcases.Login" name="Errormessgae" time="7.554"/>
  <testcase classname="Testcases.Login" name="login1" time="13.132"/>
</testsuite> <!-- Testcases.Login -->
